TN:
SF:creational_patterns\AbstractFactory.js
FN:2,(anonymous_0)
FN:5,(anonymous_1)
FN:9,(anonymous_2)
FN:12,(anonymous_3)
FN:16,(anonymous_4)
FN:17,(anonymous_5)
FN:21,(anonymous_6)
FN:22,(anonymous_7)
FN:26,(anonymous_8)
FN:27,(anonymous_9)
FNF:10
FNH:4
FNDA:1,(anonymous_0)
FNDA:1,(anonymous_1)
FNDA:0,(anonymous_2)
FNDA:0,(anonymous_3)
FNDA:0,(anonymous_4)
FNDA:0,(anonymous_5)
FNDA:1,(anonymous_6)
FNDA:0,(anonymous_7)
FNDA:1,(anonymous_8)
FNDA:0,(anonymous_9)
DA:2,1
DA:5,1
DA:9,0
DA:12,0
DA:21,1
DA:22,0
DA:26,1
DA:27,0
DA:30,1
LF:9
LH:5
BRF:0
BRH:0
end_of_record
TN:
SF:creational_patterns\Builder.js
FN:2,(anonymous_0)
FN:12,(anonymous_1)
FN:13,(anonymous_2)
FN:14,(anonymous_3)
FN:15,(anonymous_4)
FN:16,(anonymous_5)
FN:17,(anonymous_6)
FNF:7
FNH:7
FNDA:1,(anonymous_0)
FNDA:1,(anonymous_1)
FNDA:1,(anonymous_2)
FNDA:1,(anonymous_3)
FNDA:1,(anonymous_4)
FNDA:1,(anonymous_5)
FNDA:1,(anonymous_6)
DA:3,1
DA:4,1
DA:5,1
DA:6,1
DA:7,1
DA:12,1
DA:13,1
DA:14,1
DA:15,1
DA:16,1
DA:17,1
DA:20,1
LF:12
LH:12
BRF:0
BRH:0
end_of_record
TN:
SF:creational_patterns\FactoryMethod.js
FN:2,(anonymous_0)
FN:6,(anonymous_1)
FN:12,(anonymous_2)
FN:18,(anonymous_3)
FNF:4
FNH:2
FNDA:0,(anonymous_0)
FNDA:1,(anonymous_1)
FNDA:0,(anonymous_2)
FNDA:2,(anonymous_3)
DA:7,1
DA:13,0
DA:19,2
DA:20,1
DA:21,1
DA:25,1
LF:6
LH:5
BRDA:19,0,0,1
BRDA:19,0,1,1
BRDA:20,1,0,0
BRDA:20,1,1,1
BRF:4
BRH:3
end_of_record
TN:
SF:creational_patterns\Prototype.js
FN:2,(anonymous_0)
FN:8,(anonymous_1)
FNF:2
FNH:2
FNDA:2,(anonymous_0)
FNDA:1,(anonymous_1)
DA:3,2
DA:4,2
DA:5,2
DA:9,1
DA:13,1
LF:5
LH:5
BRF:0
BRH:0
end_of_record
TN:
SF:creational_patterns\SimpleFactory.js
FN:2,(anonymous_0)
FN:10,(anonymous_1)
FN:18,(anonymous_2)
FNF:3
FNH:2
FNDA:1,(anonymous_0)
FNDA:0,(anonymous_1)
FNDA:2,(anonymous_2)
DA:3,1
DA:4,1
DA:5,1
DA:11,0
DA:12,0
DA:13,0
DA:19,2
DA:20,1
DA:21,0
DA:22,1
DA:27,1
LF:11
LH:7
BRDA:19,0,0,1
BRDA:19,0,1,0
BRDA:19,0,2,1
BRF:3
BRH:2
end_of_record
TN:
SF:creational_patterns\Singleton.js
FN:2,(anonymous_0)
FN:10,(anonymous_1)
FNF:2
FNH:2
FNDA:1,(anonymous_0)
FNDA:1,(anonymous_1)
DA:3,1
DA:4,0
DA:6,1
DA:7,1
DA:11,1
DA:15,1
LF:6
LH:5
BRDA:3,0,0,0
BRDA:3,0,1,1
BRF:2
BRH:1
end_of_record
