<?xml version="1.0" encoding="UTF-8"?>
<coverage generated="1745138080197" clover="3.2.0">
  <project timestamp="1745138080197" name="All files">
    <metrics statements="49" coveredstatements="39" conditionals="9" coveredconditionals="6" methods="28" coveredmethods="19" elements="86" coveredelements="64" complexity="0" loc="49" ncloc="49" packages="1" files="6" classes="6"/>
    <file name="AbstractFactory.js" path="C:\Users\Maqhawe\Desktop\ASSIGNMENT 10\creational_patterns\AbstractFactory.js">
      <metrics statements="9" coveredstatements="5" conditionals="0" coveredconditionals="0" methods="10" coveredmethods="4"/>
      <line num="2" count="1" type="stmt"/>
      <line num="5" count="1" type="stmt"/>
      <line num="9" count="0" type="stmt"/>
      <line num="12" count="0" type="stmt"/>
      <line num="21" count="1" type="stmt"/>
      <line num="22" count="0" type="stmt"/>
      <line num="26" count="1" type="stmt"/>
      <line num="27" count="0" type="stmt"/>
      <line num="30" count="1" type="stmt"/>
    </file>
    <file name="Builder.js" path="C:\Users\Maqhawe\Desktop\ASSIGNMENT 10\creational_patterns\Builder.js">
      <metrics statements="12" coveredstatements="12" conditionals="0" coveredconditionals="0" methods="7" coveredmethods="7"/>
      <line num="3" count="1" type="stmt"/>
      <line num="4" count="1" type="stmt"/>
      <line num="5" count="1" type="stmt"/>
      <line num="6" count="1" type="stmt"/>
      <line num="7" count="1" type="stmt"/>
      <line num="12" count="1" type="stmt"/>
      <line num="13" count="1" type="stmt"/>
      <line num="14" count="1" type="stmt"/>
      <line num="15" count="1" type="stmt"/>
      <line num="16" count="1" type="stmt"/>
      <line num="17" count="1" type="stmt"/>
      <line num="20" count="1" type="stmt"/>
    </file>
    <file name="FactoryMethod.js" path="C:\Users\Maqhawe\Desktop\ASSIGNMENT 10\creational_patterns\FactoryMethod.js">
      <metrics statements="6" coveredstatements="5" conditionals="4" coveredconditionals="3" methods="4" coveredmethods="2"/>
      <line num="7" count="1" type="stmt"/>
      <line num="13" count="0" type="stmt"/>
      <line num="19" count="2" type="cond" truecount="2" falsecount="0"/>
      <line num="20" count="1" type="cond" truecount="1" falsecount="1"/>
      <line num="21" count="1" type="stmt"/>
      <line num="25" count="1" type="stmt"/>
    </file>
    <file name="Prototype.js" path="C:\Users\Maqhawe\Desktop\ASSIGNMENT 10\creational_patterns\Prototype.js">
      <metrics statements="5" coveredstatements="5" conditionals="0" coveredconditionals="0" methods="2" coveredmethods="2"/>
      <line num="3" count="2" type="stmt"/>
      <line num="4" count="2" type="stmt"/>
      <line num="5" count="2" type="stmt"/>
      <line num="9" count="1" type="stmt"/>
      <line num="13" count="1" type="stmt"/>
    </file>
    <file name="SimpleFactory.js" path="C:\Users\Maqhawe\Desktop\ASSIGNMENT 10\creational_patterns\SimpleFactory.js">
      <metrics statements="11" coveredstatements="7" conditionals="3" coveredconditionals="2" methods="3" coveredmethods="2"/>
      <line num="3" count="1" type="stmt"/>
      <line num="4" count="1" type="stmt"/>
      <line num="5" count="1" type="stmt"/>
      <line num="11" count="0" type="stmt"/>
      <line num="12" count="0" type="stmt"/>
      <line num="13" count="0" type="stmt"/>
      <line num="19" count="2" type="cond" truecount="2" falsecount="1"/>
      <line num="20" count="1" type="stmt"/>
      <line num="21" count="0" type="stmt"/>
      <line num="22" count="1" type="stmt"/>
      <line num="27" count="1" type="stmt"/>
    </file>
    <file name="Singleton.js" path="C:\Users\Maqhawe\Desktop\ASSIGNMENT 10\creational_patterns\Singleton.js">
      <metrics statements="6" coveredstatements="5" conditionals="2" coveredconditionals="1" methods="2" coveredmethods="2"/>
      <line num="3" count="1" type="cond" truecount="1" falsecount="1"/>
      <line num="4" count="0" type="stmt"/>
      <line num="6" count="1" type="stmt"/>
      <line num="7" count="1" type="stmt"/>
      <line num="11" count="1" type="stmt"/>
      <line num="15" count="1" type="stmt"/>
    </file>
  </project>
</coverage>
