{"C:\\Users\\Maqhawe\\Desktop\\ASSIGNMENT 10\\creational_patterns\\AbstractFactory.js": {"path":"C:\\Users\\Maqhawe\\Desktop\\ASSIGNMENT 10\\creational_patterns\\AbstractFactory.js","statementMap":{"0":{"start":{"line":2,"column":13},"end":{"line":2,"column":37}},"1":{"start":{"line":5,"column":13},"end":{"line":5,"column":30}},"2":{"start":{"line":9,"column":13},"end":{"line":9,"column":53}},"3":{"start":{"line":12,"column":13},"end":{"line":12,"column":54}},"4":{"start":{"line":21,"column":17},"end":{"line":21,"column":44}},"5":{"start":{"line":22,"column":22},"end":{"line":22,"column":54}},"6":{"start":{"line":26,"column":17},"end":{"line":26,"column":37}},"7":{"start":{"line":27,"column":22},"end":{"line":27,"column":47}},"8":{"start":{"line":30,"column":0},"end":{"line":30,"column":53}}},"fnMap":{"0":{"name":"(anonymous_0)","decl":{"start":{"line":2,"column":2},"end":{"line":2,"column":3}},"loc":{"start":{"line":2,"column":11},"end":{"line":2,"column":39}},"line":2},"1":{"name":"(anonymous_1)","decl":{"start":{"line":5,"column":2},"end":{"line":5,"column":3}},"loc":{"start":{"line":5,"column":11},"end":{"line":5,"column":32}},"line":5},"2":{"name":"(anonymous_2)","decl":{"start":{"line":9,"column":2},"end":{"line":9,"column":3}},"loc":{"start":{"line":9,"column":11},"end":{"line":9,"column":55}},"line":9},"3":{"name":"(anonymous_3)","decl":{"start":{"line":12,"column":2},"end":{"line":12,"column":3}},"loc":{"start":{"line":12,"column":11},"end":{"line":12,"column":56}},"line":12},"4":{"name":"(anonymous_4)","decl":{"start":{"line":16,"column":2},"end":{"line":16,"column":3}},"loc":{"start":{"line":16,"column":15},"end":{"line":16,"column":17}},"line":16},"5":{"name":"(anonymous_5)","decl":{"start":{"line":17,"column":2},"end":{"line":17,"column":3}},"loc":{"start":{"line":17,"column":20},"end":{"line":17,"column":22}},"line":17},"6":{"name":"(anonymous_6)","decl":{"start":{"line":21,"column":2},"end":{"line":21,"column":3}},"loc":{"start":{"line":21,"column":15},"end":{"line":21,"column":46}},"line":21},"7":{"name":"(anonymous_7)","decl":{"start":{"line":22,"column":2},"end":{"line":22,"column":3}},"loc":{"start":{"line":22,"column":20},"end":{"line":22,"column":56}},"line":22},"8":{"name":"(anonymous_8)","decl":{"start":{"line":26,"column":2},"end":{"line":26,"column":3}},"loc":{"start":{"line":26,"column":15},"end":{"line":26,"column":39}},"line":26},"9":{"name":"(anonymous_9)","decl":{"start":{"line":27,"column":2},"end":{"line":27,"column":3}},"loc":{"start":{"line":27,"column":20},"end":{"line":27,"column":49}},"line":27}},"branchMap":{},"s":{"0":1,"1":1,"2":0,"3":0,"4":1,"5":0,"6":1,"7":0,"8":1},"f":{"0":1,"1":1,"2":0,"3":0,"4":0,"5":0,"6":1,"7":0,"8":1,"9":0},"b":{},"_coverageSchema":"1a1c01bbd47fc00a2c39e90264f33305004495a9","hash":"fb02367cfcda9e0b5e6f27dd380146177ba7eaf4"}
,"C:\\Users\\Maqhawe\\Desktop\\ASSIGNMENT 10\\creational_patterns\\Builder.js": {"path":"C:\\Users\\Maqhawe\\Desktop\\ASSIGNMENT 10\\creational_patterns\\Builder.js","statementMap":{"0":{"start":{"line":3,"column":4},"end":{"line":3,"column":31}},"1":{"start":{"line":4,"column":4},"end":{"line":4,"column":43}},"2":{"start":{"line":5,"column":4},"end":{"line":5,"column":37}},"3":{"start":{"line":6,"column":4},"end":{"line":6,"column":33}},"4":{"start":{"line":7,"column":4},"end":{"line":7,"column":37}},"5":{"start":{"line":12,"column":20},"end":{"line":12,"column":39}},"6":{"start":{"line":12,"column":40},"end":{"line":12,"column":52}},"7":{"start":{"line":13,"column":32},"end":{"line":13,"column":63}},"8":{"start":{"line":13,"column":64},"end":{"line":13,"column":76}},"9":{"start":{"line":14,"column":26},"end":{"line":14,"column":51}},"10":{"start":{"line":14,"column":52},"end":{"line":14,"column":64}},"11":{"start":{"line":15,"column":22},"end":{"line":15,"column":43}},"12":{"start":{"line":15,"column":44},"end":{"line":15,"column":56}},"13":{"start":{"line":16,"column":26},"end":{"line":16,"column":51}},"14":{"start":{"line":16,"column":52},"end":{"line":16,"column":64}},"15":{"start":{"line":17,"column":12},"end":{"line":17,"column":37}},"16":{"start":{"line":20,"column":0},"end":{"line":20,"column":36}}},"fnMap":{"0":{"name":"(anonymous_0)","decl":{"start":{"line":2,"column":2},"end":{"line":2,"column":3}},"loc":{"start":{"line":2,"column":23},"end":{"line":8,"column":3}},"line":2},"1":{"name":"(anonymous_1)","decl":{"start":{"line":12,"column":2},"end":{"line":12,"column":3}},"loc":{"start":{"line":12,"column":18},"end":{"line":12,"column":54}},"line":12},"2":{"name":"(anonymous_2)","decl":{"start":{"line":13,"column":2},"end":{"line":13,"column":3}},"loc":{"start":{"line":13,"column":30},"end":{"line":13,"column":78}},"line":13},"3":{"name":"(anonymous_3)","decl":{"start":{"line":14,"column":2},"end":{"line":14,"column":3}},"loc":{"start":{"line":14,"column":24},"end":{"line":14,"column":66}},"line":14},"4":{"name":"(anonymous_4)","decl":{"start":{"line":15,"column":2},"end":{"line":15,"column":3}},"loc":{"start":{"line":15,"column":20},"end":{"line":15,"column":58}},"line":15},"5":{"name":"(anonymous_5)","decl":{"start":{"line":16,"column":2},"end":{"line":16,"column":3}},"loc":{"start":{"line":16,"column":24},"end":{"line":16,"column":66}},"line":16},"6":{"name":"(anonymous_6)","decl":{"start":{"line":17,"column":2},"end":{"line":17,"column":3}},"loc":{"start":{"line":17,"column":10},"end":{"line":17,"column":39}},"line":17}},"branchMap":{},"s":{"0":1,"1":1,"2":1,"3":1,"4":1,"5":1,"6":1,"7":1,"8":1,"9":1,"10":1,"11":1,"12":1,"13":1,"14":1,"15":1,"16":1},"f":{"0":1,"1":1,"2":1,"3":1,"4":1,"5":1,"6":1},"b":{},"_coverageSchema":"1a1c01bbd47fc00a2c39e90264f33305004495a9","hash":"4e2d1bd6431ec466bcca687a9470a8d73f57b1e3"}
,"C:\\Users\\Maqhawe\\Desktop\\ASSIGNMENT 10\\creational_patterns\\FactoryMethod.js": {"path":"C:\\Users\\Maqhawe\\Desktop\\ASSIGNMENT 10\\creational_patterns\\FactoryMethod.js","statementMap":{"0":{"start":{"line":7,"column":4},"end":{"line":7,"column":52}},"1":{"start":{"line":13,"column":4},"end":{"line":13,"column":50}},"2":{"start":{"line":19,"column":4},"end":{"line":19,"column":57}},"3":{"start":{"line":19,"column":26},"end":{"line":19,"column":57}},"4":{"start":{"line":20,"column":4},"end":{"line":20,"column":53}},"5":{"start":{"line":20,"column":24},"end":{"line":20,"column":53}},"6":{"start":{"line":21,"column":4},"end":{"line":21,"column":49}},"7":{"start":{"line":25,"column":0},"end":{"line":25,"column":41}}},"fnMap":{"0":{"name":"(anonymous_0)","decl":{"start":{"line":2,"column":2},"end":{"line":2,"column":3}},"loc":{"start":{"line":2,"column":27},"end":{"line":2,"column":29}},"line":2},"1":{"name":"(anonymous_1)","decl":{"start":{"line":6,"column":2},"end":{"line":6,"column":3}},"loc":{"start":{"line":6,"column":27},"end":{"line":8,"column":3}},"line":6},"2":{"name":"(anonymous_2)","decl":{"start":{"line":12,"column":2},"end":{"line":12,"column":3}},"loc":{"start":{"line":12,"column":27},"end":{"line":14,"column":3}},"line":12},"3":{"name":"(anonymous_3)","decl":{"start":{"line":18,"column":2},"end":{"line":18,"column":3}},"loc":{"start":{"line":18,"column":31},"end":{"line":22,"column":3}},"line":18}},"branchMap":{"0":{"loc":{"start":{"line":19,"column":4},"end":{"line":19,"column":57}},"type":"if","locations":[{"start":{"line":19,"column":4},"end":{"line":19,"column":57}},{"start":{},"end":{}}],"line":19},"1":{"loc":{"start":{"line":20,"column":4},"end":{"line":20,"column":53}},"type":"if","locations":[{"start":{"line":20,"column":4},"end":{"line":20,"column":53}},{"start":{},"end":{}}],"line":20}},"s":{"0":1,"1":0,"2":2,"3":1,"4":1,"5":0,"6":1,"7":1},"f":{"0":0,"1":1,"2":0,"3":2},"b":{"0":[1,1],"1":[0,1]},"_coverageSchema":"1a1c01bbd47fc00a2c39e90264f33305004495a9","hash":"ff63cb5218a95c57c7a4e427ed590d807308d338"}
,"C:\\Users\\Maqhawe\\Desktop\\ASSIGNMENT 10\\creational_patterns\\Prototype.js": {"path":"C:\\Users\\Maqhawe\\Desktop\\ASSIGNMENT 10\\creational_patterns\\Prototype.js","statementMap":{"0":{"start":{"line":3,"column":4},"end":{"line":3,"column":23}},"1":{"start":{"line":4,"column":4},"end":{"line":4,"column":35}},"2":{"start":{"line":5,"column":4},"end":{"line":5,"column":29}},"3":{"start":{"line":9,"column":4},"end":{"line":9,"column":72}},"4":{"start":{"line":13,"column":0},"end":{"line":13,"column":33}}},"fnMap":{"0":{"name":"(anonymous_0)","decl":{"start":{"line":2,"column":2},"end":{"line":2,"column":3}},"loc":{"start":{"line":2,"column":44},"end":{"line":6,"column":3}},"line":2},"1":{"name":"(anonymous_1)","decl":{"start":{"line":8,"column":2},"end":{"line":8,"column":3}},"loc":{"start":{"line":8,"column":10},"end":{"line":10,"column":3}},"line":8}},"branchMap":{},"s":{"0":2,"1":2,"2":2,"3":1,"4":1},"f":{"0":2,"1":1},"b":{},"_coverageSchema":"1a1c01bbd47fc00a2c39e90264f33305004495a9","hash":"f9e5e650f276ca14358906a7c2a842f682936115"}
,"C:\\Users\\Maqhawe\\Desktop\\ASSIGNMENT 10\\creational_patterns\\SimpleFactory.js": {"path":"C:\\Users\\Maqhawe\\Desktop\\ASSIGNMENT 10\\creational_patterns\\SimpleFactory.js","statementMap":{"0":{"start":{"line":3,"column":4},"end":{"line":3,"column":29}},"1":{"start":{"line":4,"column":4},"end":{"line":4,"column":35}},"2":{"start":{"line":5,"column":4},"end":{"line":5,"column":23}},"3":{"start":{"line":11,"column":4},"end":{"line":11,"column":28}},"4":{"start":{"line":12,"column":4},"end":{"line":12,"column":35}},"5":{"start":{"line":13,"column":4},"end":{"line":13,"column":23}},"6":{"start":{"line":19,"column":4},"end":{"line":23,"column":5}},"7":{"start":{"line":20,"column":25},"end":{"line":20,"column":78}},"8":{"start":{"line":21,"column":24},"end":{"line":21,"column":75}},"9":{"start":{"line":22,"column":15},"end":{"line":22,"column":59}},"10":{"start":{"line":27,"column":0},"end":{"line":27,"column":40}}},"fnMap":{"0":{"name":"(anonymous_0)","decl":{"start":{"line":2,"column":2},"end":{"line":2,"column":3}},"loc":{"start":{"line":2,"column":34},"end":{"line":6,"column":3}},"line":2},"1":{"name":"(anonymous_1)","decl":{"start":{"line":10,"column":2},"end":{"line":10,"column":3}},"loc":{"start":{"line":10,"column":34},"end":{"line":14,"column":3}},"line":10},"2":{"name":"(anonymous_2)","decl":{"start":{"line":18,"column":2},"end":{"line":18,"column":3}},"loc":{"start":{"line":18,"column":53},"end":{"line":24,"column":3}},"line":18}},"branchMap":{"0":{"loc":{"start":{"line":19,"column":4},"end":{"line":23,"column":5}},"type":"switch","locations":[{"start":{"line":20,"column":6},"end":{"line":20,"column":78}},{"start":{"line":21,"column":6},"end":{"line":21,"column":75}},{"start":{"line":22,"column":6},"end":{"line":22,"column":59}}],"line":19}},"s":{"0":1,"1":1,"2":1,"3":0,"4":0,"5":0,"6":2,"7":1,"8":0,"9":1,"10":1},"f":{"0":1,"1":0,"2":2},"b":{"0":[1,0,1]},"_coverageSchema":"1a1c01bbd47fc00a2c39e90264f33305004495a9","hash":"c7587e833c2ae51418c6bacbc3b104184d3c33b4"}
,"C:\\Users\\Maqhawe\\Desktop\\ASSIGNMENT 10\\creational_patterns\\Singleton.js": {"path":"C:\\Users\\Maqhawe\\Desktop\\ASSIGNMENT 10\\creational_patterns\\Singleton.js","statementMap":{"0":{"start":{"line":3,"column":4},"end":{"line":5,"column":5}},"1":{"start":{"line":4,"column":6},"end":{"line":4,"column":41}},"2":{"start":{"line":6,"column":4},"end":{"line":6,"column":40}},"3":{"start":{"line":7,"column":4},"end":{"line":7,"column":39}},"4":{"start":{"line":11,"column":4},"end":{"line":11,"column":27}},"5":{"start":{"line":15,"column":0},"end":{"line":15,"column":42}}},"fnMap":{"0":{"name":"(anonymous_0)","decl":{"start":{"line":2,"column":2},"end":{"line":2,"column":3}},"loc":{"start":{"line":2,"column":16},"end":{"line":8,"column":3}},"line":2},"1":{"name":"(anonymous_1)","decl":{"start":{"line":10,"column":2},"end":{"line":10,"column":3}},"loc":{"start":{"line":10,"column":18},"end":{"line":12,"column":3}},"line":10}},"branchMap":{"0":{"loc":{"start":{"line":3,"column":4},"end":{"line":5,"column":5}},"type":"if","locations":[{"start":{"line":3,"column":4},"end":{"line":5,"column":5}},{"start":{},"end":{}}],"line":3}},"s":{"0":1,"1":0,"2":1,"3":1,"4":1,"5":1},"f":{"0":1,"1":1},"b":{"0":[0,1]},"_coverageSchema":"1a1c01bbd47fc00a2c39e90264f33305004495a9","hash":"f87e137ba25d87e4e767a7d6f0509faaff7d4f26"}
}
